Using pre-set license
Built from '2020.3/staging' branch; Version is '2020.3.0f1 (c7b5465681fb) revision 13088070'; Using compiler version '192528614'; Build Type 'Release'
OS: 'Windows 10 Pro; OS build 19043.1586; Version 2009; 64bit' Language: 'es' Physical Memory: 8115 MB
BatchMode: 1, IsHumanControllingUs: 0, StartBugReporterOnCrash: 0, Is64bit: 1, IsPro: 0

 COMMAND LINE ARGUMENTS:
C:\Program Files\Unity\Editor\Unity.exe
-adb2
-batchMode
-noUpm
-name
AssetImportWorker0
-projectPath
D:/DATOS/UNITY/05_PROYECTOS_UNITY/lavidaesdura
-logFile
Logs/AssetImportWorker0.log
-srvPort
61794
Successfully changed project path to: D:/DATOS/UNITY/05_PROYECTOS_UNITY/lavidaesdura
D:/DATOS/UNITY/05_PROYECTOS_UNITY/lavidaesdura
Using Asset Import Pipeline V2.
Refreshing native plugins compatible for Editor in 38.76 ms, found 1 plugins.
Preloading 0 native plugins for Editor in 0.00 ms.
Initialize engine version: 2020.3.0f1 (c7b5465681fb)
[Subsystems] Discovering subsystems at path C:/Program Files/Unity/Editor/Data/Resources/UnitySubsystems
[Subsystems] Discovering subsystems at path D:/DATOS/UNITY/05_PROYECTOS_UNITY/lavidaesdura/Assets
GfxDevice: creating device client; threaded=0
Direct3D:
    Version:  Direct3D 11.0 [level 11.1]
    Renderer: AMD Radeon (TM) R7 350 (ID=0x6610)
    Vendor:   
    VRAM:     2028 MB
    Driver:   26.20.12001.7006
Initialize mono
Mono path[0] = 'C:/Program Files/Unity/Editor/Data/Managed'
Mono path[1] = 'C:/Program Files/Unity/Editor/Data/MonoBleedingEdge/lib/mono/unityjit'
Mono config path = 'C:/Program Files/Unity/Editor/Data/MonoBleedingEdge/etc'
Using monoOptions --debugger-agent=transport=dt_socket,embedding=1,server=y,suspend=n,address=127.0.0.1:56952
Begin MonoManager ReloadAssembly
Registering precompiled unity dll's ...
Register platform support module: C:/Program Files/Unity/Editor/Data/PlaybackEngines/WindowsStandaloneSupport/UnityEditor.WindowsStandalone.Extensions.dll
Registered in 0.003504 seconds.
Native extension for WindowsStandalone target not found
Refreshing native plugins compatible for Editor in 39.47 ms, found 1 plugins.
Preloading 0 native plugins for Editor in 0.00 ms.
Invoked RoslynAnalysisRunner static constructor.
RoslynAnalysisRunner will not be running.
RoslynAnalysisRunner has terminated.
Mono: successfully reloaded assembly
- Completed reload, in  1.323 seconds
Platform modules already initialized, skipping
Registering precompiled user dll's ...
Registered in 0.000856 seconds.
Begin MonoManager ReloadAssembly
Native extension for WindowsStandalone target not found
Refreshing native plugins compatible for Editor in 0.43 ms, found 1 plugins.
Preloading 0 native plugins for Editor in 0.00 ms.
Invoked RoslynAnalysisRunner static constructor.
RoslynAnalysisRunner will not be running.
RoslynAnalysisRunner has terminated.
Mono: successfully reloaded assembly
- Completed reload, in  1.295 seconds
Platform modules already initialized, skipping
========================================================================
Worker process is ready to serve import requests
Launched and connected shader compiler UnityShaderCompiler.exe after 0.11 seconds
Refreshing native plugins compatible for Editor in 0.44 ms, found 1 plugins.
Preloading 0 native plugins for Editor in 0.00 ms.
Unloading 1992 Unused Serialized files (Serialized files now loaded: 0)
System memory in use before: 95.9 MB.
System memory in use after: 96.0 MB.

Unloading 14 unused Assets to reduce memory usage. Loaded Objects now: 2430.
Total: 2.307400 ms (FindLiveObjects: 0.221200 ms CreateObjectMapping: 0.102200 ms MarkObjects: 1.886200 ms  DeleteObjects: 0.096800 ms)

========================================================================
Received Import Request.
  path: Assets/Cinemachine
  artifactKey: Guid(a66d2c36dc4477f408afeb54595dc101) Importer(815301076,1909f56bfc062723c751e8b465ee728b)
Start importing Assets/Cinemachine using Guid(a66d2c36dc4477f408afeb54595dc101) Importer(815301076,1909f56bfc062723c751e8b465ee728b)  -> (artifact id: '24de1a305f5a50767787d37a62e46670') in 0.013217 seconds
  Import took 0.021310 seconds .

========================================================================
Received Import Request.
  Time since last request: 1.760952 seconds.
  path: Assets/Code
  artifactKey: Guid(43f9fbf7a98b4fe429c49b62ceadeac2) Importer(815301076,1909f56bfc062723c751e8b465ee728b)
Start importing Assets/Code using Guid(43f9fbf7a98b4fe429c49b62ceadeac2) Importer(815301076,1909f56bfc062723c751e8b465ee728b)  -> (artifact id: '98e43bb1667df387a0915964eadc845e') in 0.002886 seconds
  Import took 0.006593 seconds .

========================================================================
Received Import Request.
  Time since last request: 0.001145 seconds.
  path: Assets/Code
  artifactKey: Guid(43f9fbf7a98b4fe429c49b62ceadeac2) Importer(815301076,1909f56bfc062723c751e8b465ee728b)
Start importing Assets/Code using Guid(43f9fbf7a98b4fe429c49b62ceadeac2) Importer(815301076,1909f56bfc062723c751e8b465ee728b)  -> (artifact id: '98e43bb1667df387a0915964eadc845e') in 0.002596 seconds
  Import took 0.006234 seconds .

========================================================================
Received Prepare
Registering precompiled user dll's ...
Registered in 0.001167 seconds.
Begin MonoManager ReloadAssembly
Native extension for WindowsStandalone target not found
Refreshing native plugins compatible for Editor in 0.41 ms, found 1 plugins.
Preloading 0 native plugins for Editor in 0.00 ms.
Invoked RoslynAnalysisRunner static constructor.
RoslynAnalysisRunner will not be running.
RoslynAnalysisRunner has terminated.
Mono: successfully reloaded assembly
- Completed reload, in  1.139 seconds
Platform modules already initialized, skipping
Switching build target platform(5) subTarget(0) extendedPlatform(0) -> platform(13) subTarget(537395200) extendedPlatform(0)
Refreshing native plugins compatible for Editor in 0.64 ms, found 1 plugins.
Preloading 0 native plugins for Editor in 0.00 ms.
Unloading 1792 Unused Serialized files (Serialized files now loaded: 0)
System memory in use before: 88.2 MB.
System memory in use after: 88.3 MB.

Unloading 89 unused Assets to reduce memory usage. Loaded Objects now: 2350.
Total: 2.789900 ms (FindLiveObjects: 0.267900 ms CreateObjectMapping: 0.194400 ms MarkObjects: 2.269800 ms  DeleteObjects: 0.056600 ms)

AssetImportParameters requested are different than current active one (requested -> active):
  custom:graphics/normal-map-encoding: 01000000000000000000000000000000 -> 02000000000000000000000000000000
========================================================================
Received Import Request.
  Time since last request: 48.036543 seconds.
  path: Assets/Samples
  artifactKey: Guid(038dd5a0af399514f8811d8c925c5346) Importer(815301076,1909f56bfc062723c751e8b465ee728b)
Start importing Assets/Samples using Guid(038dd5a0af399514f8811d8c925c5346) Importer(815301076,1909f56bfc062723c751e8b465ee728b)  -> (artifact id: '9227a7a8e39cbe949f4c813a36504f38') in 0.007516 seconds
  Import took 0.010887 seconds .

========================================================================
Received Import Request.
  Time since last request: 0.487194 seconds.
  path: Assets/Scenes
  artifactKey: Guid(86deccfff0a8df74e804545b4ba58686) Importer(815301076,1909f56bfc062723c751e8b465ee728b)
Start importing Assets/Scenes using Guid(86deccfff0a8df74e804545b4ba58686) Importer(815301076,1909f56bfc062723c751e8b465ee728b)  -> (artifact id: '7fe3c03fcd290dc7d58e6258ad0b1d3f') in 0.003041 seconds
  Import took 0.006891 seconds .

========================================================================
Received Import Request.
  Time since last request: 0.000833 seconds.
  path: Assets/Scenes
  artifactKey: Guid(86deccfff0a8df74e804545b4ba58686) Importer(815301076,1909f56bfc062723c751e8b465ee728b)
Start importing Assets/Scenes using Guid(86deccfff0a8df74e804545b4ba58686) Importer(815301076,1909f56bfc062723c751e8b465ee728b)  -> (artifact id: '7fe3c03fcd290dc7d58e6258ad0b1d3f') in 0.002566 seconds
  Import took 0.005875 seconds .

========================================================================
Received Prepare
Registering precompiled user dll's ...
Registered in 0.001122 seconds.
Begin MonoManager ReloadAssembly
Native extension for WindowsStandalone target not found
Refreshing native plugins compatible for Editor in 0.68 ms, found 1 plugins.
Preloading 0 native plugins for Editor in 0.00 ms.
Invoked RoslynAnalysisRunner static constructor.
RoslynAnalysisRunner will not be running.
RoslynAnalysisRunner has terminated.
Mono: successfully reloaded assembly
- Completed reload, in  1.293 seconds
Platform modules already initialized, skipping
Switching build target platform(5) subTarget(0) extendedPlatform(0) -> platform(13) subTarget(537395200) extendedPlatform(0)
Refreshing native plugins compatible for Editor in 0.45 ms, found 1 plugins.
Preloading 0 native plugins for Editor in 0.00 ms.
Unloading 1939 Unused Serialized files (Serialized files now loaded: 0)
System memory in use before: 91.8 MB.
System memory in use after: 92.0 MB.

Unloading 8 unused Assets to reduce memory usage. Loaded Objects now: 2433.
Total: 2.849000 ms (FindLiveObjects: 0.418300 ms CreateObjectMapping: 0.237500 ms MarkObjects: 2.164200 ms  DeleteObjects: 0.027000 ms)

AssetImportParameters requested are different than current active one (requested -> active):
  custom:graphics/normal-map-encoding: 01000000000000000000000000000000 -> 02000000000000000000000000000000
========================================================================
Received Import Request.
  Time since last request: 279.035423 seconds.
  path: Assets/Scenes/escena00 preload.unity
  artifactKey: Guid(25d7f99da060ca74780cfb413b0f1369) Importer(815301076,1909f56bfc062723c751e8b465ee728b)
Start importing Assets/Scenes/escena00 preload.unity using Guid(25d7f99da060ca74780cfb413b0f1369) Importer(815301076,1909f56bfc062723c751e8b465ee728b)  -> (artifact id: 'a3b51dc9f5ae217b5f8ef83a8256701f') in 0.015021 seconds
  Import took 0.018898 seconds .

========================================================================
Received Import Request.
  Time since last request: 0.931411 seconds.
  path: Assets/Scenes/escena01 casa.unity
  artifactKey: Guid(2cda990e2423bbf4892e6590ba056729) Importer(815301076,1909f56bfc062723c751e8b465ee728b)
Start importing Assets/Scenes/escena01 casa.unity using Guid(2cda990e2423bbf4892e6590ba056729) Importer(815301076,1909f56bfc062723c751e8b465ee728b)  -> (artifact id: '7e7ed11ace36308e840b9d61a4033985') in 0.003638 seconds
  Import took 0.007513 seconds .

========================================================================
Received Import Request.
  Time since last request: 0.000637 seconds.
  path: Assets/Scenes/escena01 casa.unity
  artifactKey: Guid(2cda990e2423bbf4892e6590ba056729) Importer(815301076,1909f56bfc062723c751e8b465ee728b)
Start importing Assets/Scenes/escena01 casa.unity using Guid(2cda990e2423bbf4892e6590ba056729) Importer(815301076,1909f56bfc062723c751e8b465ee728b)  -> (artifact id: '7e7ed11ace36308e840b9d61a4033985') in 0.002730 seconds
  Import took 0.006228 seconds .

========================================================================
Received Prepare
Refreshing native plugins compatible for Editor in 1.77 ms, found 1 plugins.
Preloading 0 native plugins for Editor in 0.00 ms.
Unloading 5 Unused Serialized files (Serialized files now loaded: 0)
System memory in use before: 54.6 MB.
System memory in use after: 54.7 MB.

Unloading 5 unused Assets to reduce memory usage. Loaded Objects now: 2433.
Total: 2.552500 ms (FindLiveObjects: 0.194500 ms CreateObjectMapping: 0.075900 ms MarkObjects: 2.251300 ms  DeleteObjects: 0.029900 ms)

========================================================================
Received Prepare
Registering precompiled user dll's ...
Registered in 0.000855 seconds.
Begin MonoManager ReloadAssembly
Native extension for WindowsStandalone target not found
Refreshing native plugins compatible for Editor in 0.72 ms, found 1 plugins.
Preloading 0 native plugins for Editor in 0.00 ms.
Invoked RoslynAnalysisRunner static constructor.
RoslynAnalysisRunner will not be running.
RoslynAnalysisRunner has terminated.
Mono: successfully reloaded assembly
- Completed reload, in  0.966 seconds
Platform modules already initialized, skipping
Switching build target platform(5) subTarget(0) extendedPlatform(0) -> platform(13) subTarget(537395200) extendedPlatform(0)
Refreshing native plugins compatible for Editor in 0.45 ms, found 1 plugins.
Preloading 0 native plugins for Editor in 0.00 ms.
Unloading 1938 Unused Serialized files (Serialized files now loaded: 0)
System memory in use before: 91.8 MB.
System memory in use after: 92.0 MB.

Unloading 8 unused Assets to reduce memory usage. Loaded Objects now: 2435.
Total: 2.621000 ms (FindLiveObjects: 0.343700 ms CreateObjectMapping: 0.085200 ms MarkObjects: 2.143100 ms  DeleteObjects: 0.047600 ms)

AssetImportParameters requested are different than current active one (requested -> active):
  custom:graphics/normal-map-encoding: 01000000000000000000000000000000 -> 02000000000000000000000000000000
AssetImportWorkerClient::OnTransportError - code=2 error=End of file
